<?xml version="1.0" encoding="UTF-8" ?>
<testsuites>
  <testsuite errors="0" failures="0" hostname="INsaisree.local" id="0" name="BibliotecaAppTest" package="com.twu.biblioteca" skipped="0" tests="1" time="0.239" timestamp="2015-09-15T13:09:49">
      <properties>
[...]
</properties>

      <testcase classname="com.twu.biblioteca.BibliotecaAppTest" name="shouldDisplayWelcomeMessageWhenApplicationStart" time="0.206" />

      <system-out><![CDATA[18:39:49,771 |-INFO in ch.qos.logback.classic.LoggerContext[default] - Could NOT find resource [logback.groovy]
18:39:49,771 |-INFO in ch.qos.logback.classic.LoggerContext[default] - Could NOT find resource [logback-test.xml]
18:39:49,771 |-INFO in ch.qos.logback.classic.LoggerContext[default] - Found resource [logback.xml] at [jar:file:/Users/saisree/Downloads/TWU_Biblioteca-master/lib/cobertura-2.1.1/cobertura-2.1.1-sources.jar!/logback.xml]
18:39:49,771 |-WARN in ch.qos.logback.classic.LoggerContext[default] - Resource [logback.xml] occurs multiple times on the classpath.
18:39:49,771 |-WARN in ch.qos.logback.classic.LoggerContext[default] - Resource [logback.xml] occurs at [jar:file:/Users/saisree/Downloads/TWU_Biblioteca-master/lib/cobertura-2.1.1/cobertura-2.1.1-sources.jar!/logback.xml]
18:39:49,771 |-WARN in ch.qos.logback.classic.LoggerContext[default] - Resource [logback.xml] occurs at [jar:file:/Users/saisree/Downloads/TWU_Biblioteca-master/lib/cobertura-2.1.1/cobertura-2.1.1.jar!/logback.xml]
18:39:49,780 |-INFO in ch.qos.logback.core.joran.spi.ConfigurationWatchList@37d31475 - URL [jar:file:/Users/saisree/Downloads/TWU_Biblioteca-master/lib/cobertura-2.1.1/cobertura-2.1.1-sources.jar!/logback.xml] is not of type file
18:39:49,809 |-INFO in ch.qos.logback.classic.joran.action.ConfigurationAction - debug attribute not set
18:39:49,810 |-INFO in ch.qos.logback.core.joran.action.AppenderAction - About to instantiate appender of type [ch.qos.logback.core.ConsoleAppender]
18:39:49,815 |-INFO in ch.qos.logback.core.joran.action.AppenderAction - Naming appender as [STDOUT]
18:39:49,830 |-INFO in ch.qos.logback.core.joran.action.NestedComplexPropertyIA - Assuming default type [ch.qos.logback.classic.encoder.PatternLayoutEncoder] for [encoder] property
18:39:49,852 |-INFO in ch.qos.logback.classic.joran.action.LoggerAction - Setting level of logger [net.sourceforge.cobertura] to INFO
18:39:49,852 |-INFO in ch.qos.logback.classic.joran.action.RootLoggerAction - Setting level of ROOT logger to DEBUG
18:39:49,852 |-INFO in ch.qos.logback.core.joran.action.AppenderRefAction - Attaching appender named [STDOUT] to Logger[ROOT]
18:39:49,853 |-INFO in ch.qos.logback.classic.joran.action.ConfigurationAction - End of configuration.
18:39:49,854 |-INFO in ch.qos.logback.classic.joran.JoranConfigurator@27808f31 - Registering current configuration as safe fallback point

]]></system-out>

      <system-err><![CDATA[]]></system-err>

  </testsuite>
  <testsuite errors="0" failures="0" hostname="INsaisree.local" id="1" name="BookTest" package="com.twu.biblioteca" skipped="0" tests="5" time="0.004" timestamp="2015-09-15T13:09:49">
      <properties>
[...]
</properties>

      <testcase classname="com.twu.biblioteca.BookTest" name="shouldEqualToBookWhichHasSameProperties" time="0.001" />

      <testcase classname="com.twu.biblioteca.BookTest" name="shouldNotEqualToNull" time="0.0" />

      <testcase classname="com.twu.biblioteca.BookTest" name="shouldEqualToItself" time="0.0" />

      <testcase classname="com.twu.biblioteca.BookTest" name="shouldEqualToBookWhichHasSameTitle" time="0.0" />

      <testcase classname="com.twu.biblioteca.BookTest" name="shouldReturnToStringFormatOfBook" time="0.0" />

      <system-out><![CDATA[]]></system-out>

      <system-err><![CDATA[]]></system-err>

  </testsuite>
  <testsuite errors="0" failures="0" hostname="INsaisree.local" id="2" name="CheckOutMovieOptionTest" package="com.twu.biblioteca" skipped="0" tests="2" time="0.02" timestamp="2015-09-15T13:09:49">
      <properties>
[...]
</properties>

      <testcase classname="com.twu.biblioteca.CheckOutMovieOptionTest" name="shouldDoCheckOutMovieOperationWhenCalled" time="0.015" />

      <testcase classname="com.twu.biblioteca.CheckOutMovieOptionTest" name="shouldAskForMovieName" time="0.002" />

      <system-out><![CDATA[]]></system-out>

      <system-err><![CDATA[]]></system-err>

  </testsuite>
  <testsuite errors="0" failures="0" hostname="INsaisree.local" id="3" name="CheckOutOptionTest" package="com.twu.biblioteca" skipped="0" tests="3" time="0.004" timestamp="2015-09-15T13:09:49">
      <properties>
[...]
</properties>

      <testcase classname="com.twu.biblioteca.CheckOutOptionTest" name="shouldCheckOutBookSuccessfullyFromLibraryIfBookExists" time="0.001" />

      <testcase classname="com.twu.biblioteca.CheckOutOptionTest" name="shouldAskForBookTitle" time="0.0" />

      <testcase classname="com.twu.biblioteca.CheckOutOptionTest" name="shouldCheckOutUnsuccessfullyFromLibraryIfBookNotExists" time="0.0" />

      <system-out><![CDATA[]]></system-out>

      <system-err><![CDATA[]]></system-err>

  </testsuite>
  <testsuite errors="0" failures="0" hostname="INsaisree.local" id="4" name="ConsoleTest" package="com.twu.biblioteca" skipped="0" tests="3" time="0.003" timestamp="2015-09-15T13:09:49">
      <properties>
[...]
</properties>

      <testcase classname="com.twu.biblioteca.ConsoleTest" name="shouldDisplayWelcomeMessage" time="0.001" />

      <testcase classname="com.twu.biblioteca.ConsoleTest" name="shouldReadInputFromUser" time="0.0" />

      <testcase classname="com.twu.biblioteca.ConsoleTest" name="shouldDisplayBookDetails" time="0.001" />

      <system-out><![CDATA[]]></system-out>

      <system-err><![CDATA[]]></system-err>

  </testsuite>
  <testsuite errors="0" failures="0" hostname="INsaisree.local" id="5" name="ControllerTest" package="com.twu.biblioteca" skipped="0" tests="1" time="0.002" timestamp="2015-09-15T13:09:49">
      <properties>
[...]
</properties>

      <testcase classname="com.twu.biblioteca.ControllerTest" name="shouldDisplayWelcomeMessageWhenApplicationStart" time="0.0" />

      <system-out><![CDATA[]]></system-out>

      <system-err><![CDATA[]]></system-err>

  </testsuite>
  <testsuite errors="0" failures="0" hostname="INsaisree.local" id="6" name="DelegatorTest" package="com.twu.biblioteca" skipped="0" tests="8" time="0.008" timestamp="2015-09-15T13:09:49">
      <properties>
[...]
</properties>

      <testcase classname="com.twu.biblioteca.DelegatorTest" name="shouldReturnMainMenuCheckOutMoviesOptionWhenOptionSixIsSelected" time="0.0" />

      <testcase classname="com.twu.biblioteca.DelegatorTest" name="shouldReturnMainMenuListBooksOptionWhenOptionOneIsSelected" time="0.0" />

      <testcase classname="com.twu.biblioteca.DelegatorTest" name="shouldGetOptionInputFromUser" time="0.001" />

      <testcase classname="com.twu.biblioteca.DelegatorTest" name="shouldReturnMainMenuInvalidMenuOptionWhenInvalidOptionIsSelected" time="0.001" />

      <testcase classname="com.twu.biblioteca.DelegatorTest" name="shouldReturnMainMenuCheckOutOptionWhenOptionThreeIsSelected" time="0.0" />

      <testcase classname="com.twu.biblioteca.DelegatorTest" name="shouldReturnMainMenuListMoviesOptionWhenOptionFiveIsSelected" time="0.0" />

      <testcase classname="com.twu.biblioteca.DelegatorTest" name="shouldReturnMainMenuReturnOptionWhenOptionFourIsSelected" time="0.001" />

      <testcase classname="com.twu.biblioteca.DelegatorTest" name="shouldReturnMainMenuQuitWhenOptionTwoIsSelected" time="0.001" />

      <system-out><![CDATA[]]></system-out>

      <system-err><![CDATA[]]></system-err>

  </testsuite>
  <testsuite errors="0" failures="0" hostname="INsaisree.local" id="7" name="InvalidMenuOptionTest" package="com.twu.biblioteca" skipped="0" tests="1" time="0.002" timestamp="2015-09-15T13:09:49">
      <properties>
[...]
</properties>

      <testcase classname="com.twu.biblioteca.InvalidMenuOptionTest" name="shouldDisplaySelectAValidOptionMessage" time="0.001" />

      <system-out><![CDATA[]]></system-out>

      <system-err><![CDATA[]]></system-err>

  </testsuite>
  <testsuite errors="0" failures="0" hostname="INsaisree.local" id="8" name="LibraryTest" package="com.twu.biblioteca" skipped="0" tests="8" time="0.005" timestamp="2015-09-15T13:09:49">
      <properties>
[...]
</properties>

      <testcase classname="com.twu.biblioteca.LibraryTest" name="shouldReturnToStringFormatOfListOfBooks" time="0.0" />

      <testcase classname="com.twu.biblioteca.LibraryTest" name="shouldReturnTrueIfBookExistInTheLibrary" time="0.0" />

      <testcase classname="com.twu.biblioteca.LibraryTest" name="shouldReturnMessageIfBookIsUnsuccessfullyCheckedOut" time="0.0" />

      <testcase classname="com.twu.biblioteca.LibraryTest" name="shouldRemoveBookFromTheLibraryIfBookIsCheckedOut" time="0.0" />

      <testcase classname="com.twu.biblioteca.LibraryTest" name="shouldReturnMessageAfterCheckingOutBookIfBookIsSuccessfullyReturned" time="0.0" />

      <testcase classname="com.twu.biblioteca.LibraryTest" name="shouldReturnMessageAfterCheckingOutBookIfBookIsUnsuccessfullyReturned" time="0.001" />

      <testcase classname="com.twu.biblioteca.LibraryTest" name="shouldReturnMessageAfterRemovingBookFromTheLibraryIfBookIsSuccessfullyCheckedOut" time="0.0" />

      <testcase classname="com.twu.biblioteca.LibraryTest" name="shouldReturnMessageAfterRemovingBookwhichHasEqualTitleIfBookIsSuccessfullyCheckedOut" time="0.0" />

      <system-out><![CDATA[]]></system-out>

      <system-err><![CDATA[]]></system-err>

  </testsuite>
  <testsuite errors="0" failures="0" hostname="INsaisree.local" id="9" name="ListBooksOptionTest" package="com.twu.biblioteca" skipped="0" tests="1" time="0.001" timestamp="2015-09-15T13:09:49">
      <properties>
[...]
</properties>

      <testcase classname="com.twu.biblioteca.ListBooksOptionTest" name="shouldDisplayListOfBooksPresentInTheLibrary" time="0.0" />

      <system-out><![CDATA[]]></system-out>

      <system-err><![CDATA[]]></system-err>

  </testsuite>
  <testsuite errors="0" failures="0" hostname="INsaisree.local" id="10" name="ListMoviesOptionTest" package="com.twu.biblioteca" skipped="0" tests="1" time="0.001" timestamp="2015-09-15T13:09:49">
      <properties>
[...]
</properties>

      <testcase classname="com.twu.biblioteca.ListMoviesOptionTest" name="shouldDisplayListOfMoviesPresentInMovieStore" time="0.0" />

      <system-out><![CDATA[]]></system-out>

      <system-err><![CDATA[]]></system-err>

  </testsuite>
  <testsuite errors="0" failures="0" hostname="INsaisree.local" id="11" name="MovieStoreTest" package="com.twu.biblioteca" skipped="0" tests="5" time="0.003" timestamp="2015-09-15T13:09:49">
      <properties>
[...]
</properties>

      <testcase classname="com.twu.biblioteca.MovieStoreTest" name="shouldReturnTrueIfMovieWithSameNameAndDirectorExistInTheMovieStore" time="0.0" />

      <testcase classname="com.twu.biblioteca.MovieStoreTest" name="shouldRemoveMovieFromMovieStoreIfMovieCheckOutSuccessafully" time="0.0" />

      <testcase classname="com.twu.biblioteca.MovieStoreTest" name="shouldReturnToStringFormatOfTheListOfMovies" time="0.0" />

      <testcase classname="com.twu.biblioteca.MovieStoreTest" name="shouldReturnTrueIfMovieExistInTheMovieStore" time="0.0" />

      <testcase classname="com.twu.biblioteca.MovieStoreTest" name="shouldReturnFalseIfMovieNotExistInTheMovieStore" time="0.0" />

      <system-out><![CDATA[]]></system-out>

      <system-err><![CDATA[]]></system-err>

  </testsuite>
  <testsuite errors="0" failures="0" hostname="INsaisree.local" id="12" name="MovieTest" package="com.twu.biblioteca" skipped="0" tests="5" time="0.002" timestamp="2015-09-15T13:09:49">
      <properties>
[...]
</properties>

      <testcase classname="com.twu.biblioteca.MovieTest" name="shouldDisplayMovieDetails" time="0.0" />

      <testcase classname="com.twu.biblioteca.MovieTest" name="shouldNotEqualToNull" time="0.0" />

      <testcase classname="com.twu.biblioteca.MovieTest" name="shouldEqualToMovieHasSameNameAndDirector" time="0.0" />

      <testcase classname="com.twu.biblioteca.MovieTest" name="shouldEqualToItself" time="0.0" />

      <testcase classname="com.twu.biblioteca.MovieTest" name="shouldEqualToMovieWhichHasSameProperties" time="0.0" />

      <system-out><![CDATA[]]></system-out>

      <system-err><![CDATA[]]></system-err>

  </testsuite>
  <testsuite errors="0" failures="0" hostname="INsaisree.local" id="13" name="QuitTest" package="com.twu.biblioteca" skipped="0" tests="1" time="0.001" timestamp="2015-09-15T13:09:49">
      <properties>
[...]
</properties>

      <testcase classname="com.twu.biblioteca.QuitTest" name="shouldExitWhenQuitOptionIsSelected" time="0.0" />

      <system-out><![CDATA[]]></system-out>

      <system-err><![CDATA[]]></system-err>

  </testsuite>
  <testsuite errors="0" failures="0" hostname="INsaisree.local" id="14" name="ReturnOptionTest" package="com.twu.biblioteca" skipped="0" tests="3" time="0.003" timestamp="2015-09-15T13:09:49">
      <properties>
[...]
</properties>

      <testcase classname="com.twu.biblioteca.ReturnOptionTest" name="shouldAskForReturnBookTitle" time="0.0" />

      <testcase classname="com.twu.biblioteca.ReturnOptionTest" name="shouldReturnBookUnSuccessfullyTOLibraryWhenItIsNotCheckedOut" time="0.0" />

      <testcase classname="com.twu.biblioteca.ReturnOptionTest" name="shouldReturnBookSuccessfullyToLibraryWhenItCheckedOut" time="0.0" />

      <system-out><![CDATA[]]></system-out>

      <system-err><![CDATA[]]></system-err>

  </testsuite>
  <testsuite errors="0" failures="0" hostname="INsaisree.local" id="15" name="UserTest" package="com.twu.biblioteca" skipped="0" tests="1" time="0.001" timestamp="2015-09-15T13:09:49">
      <properties>
[...]
</properties>

      <testcase classname="com.twu.biblioteca.UserTest" name="shouldEqualToItself" time="0.0" />

      <system-out><![CDATA[]]></system-out>

      <system-err><![CDATA[]]></system-err>

  </testsuite>
</testsuites>
