<?xml version="1.0" encoding="UTF-8" ?>
<testsuite errors="0" failures="0" hostname="INsaisree.local" name="com.twu.biblioteca.BookTest" skipped="0" tests="5" time="0.004" timestamp="2015-09-15T13:09:49">
  <properties>
[...]
</properties>
  <testcase classname="com.twu.biblioteca.BookTest" name="shouldEqualToBookWhichHasSameProperties" time="0.001" />
  <testcase classname="com.twu.biblioteca.BookTest" name="shouldNotEqualToNull" time="0.0" />
  <testcase classname="com.twu.biblioteca.BookTest" name="shouldEqualToItself" time="0.0" />
  <testcase classname="com.twu.biblioteca.BookTest" name="shouldEqualToBookWhichHasSameTitle" time="0.0" />
  <testcase classname="com.twu.biblioteca.BookTest" name="shouldReturnToStringFormatOfBook" time="0.0" />
  <system-out><![CDATA[]]></system-out>
  <system-err><![CDATA[]]></system-err>
</testsuite>
